<?xml version="1.0" encoding="UTF-8"?>
<!-- Generated by org.testng.reporters.JUnitXMLReporter -->
<testsuite ignored="0" hostname="DESKTOP-HN5IFF8" failures="0" tests="6" name="Conga" time="9.966" errors="0" timestamp="2021-10-30T19:25:13 IST">
  <testcase classname="com.test.Scenario1" name="@BeforeMethod setup" time="2.022">
    <failure type="org.openqa.selenium.SessionNotCreatedException" message="session not created: This version of ChromeDriver only supports Chrome version 92
Current browser version is 95.0.4638.69 with binary path C:\Program Files\Google\Chrome\Application\chrome.exe
Build info: version: &amp;apos;3.11.0&amp;apos;, revision: &amp;apos;e59cfb3&amp;apos;, time: &amp;apos;2018-03-11T20:26:55.152Z&amp;apos;
System info: host: &amp;apos;DESKTOP-HN5IFF8&amp;apos;, ip: &amp;apos;192.168.0.106&amp;apos;, os.name: &amp;apos;Windows 10&amp;apos;, os.arch: &amp;apos;amd64&amp;apos;, os.version: &amp;apos;10.0&amp;apos;, java.version: &amp;apos;15.0.2&amp;apos;
Driver info: driver.version: ChromeDriver
remote stacktrace: Backtrace:
	Ordinal0 [0x00AC2A33+2501171]
	Ordinal0 [0x00A5D1C1+2085313]
	Ordinal0 [0x00961FA8+1056680]
	Ordinal0 [0x0098020A+1180170]
	Ordinal0 [0x0097C125+1163557]
	Ordinal0 [0x0097997F+1153407]
	Ordinal0 [0x009A999F+1350047]
	Ordinal0 [0x009A960A+1349130]
	Ordinal0 [0x009A551B+1332507]
	Ordinal0 [0x00981D74+1187188]
	Ordinal0 [0x00982BD9+1190873]
	GetHandleVerifier [0x00C3EFE6+1504438]
	GetHandleVerifier [0x00CEDDA5+2220661]
	GetHandleVerifier [0x00B45589+481881]
	GetHandleVerifier [0x00B44639+477961]
	Ordinal0 [0x00A628BD+2107581]
	Ordinal0 [0x00A66728+2123560]
	Ordinal0 [0x00A66862+2123874]
	Ordinal0 [0x00A6FA81+2161281]
	BaseThreadInitThunk [0x74F38744+36]
	RtlGetAppContainerNamedObjectPath [0x77C5582D+253]
	RtlGetAppContainerNamedObjectPath [0x77C557FD+205]
">
      <![CDATA[org.openqa.selenium.SessionNotCreatedException: session not created: This version of ChromeDriver only supports Chrome version 92
Current browser version is 95.0.4638.69 with binary path C:\Program Files\Google\Chrome\Application\chrome.exe
Build info: version: '3.11.0', revision: 'e59cfb3', time: '2018-03-11T20:26:55.152Z'
System info: host: 'DESKTOP-HN5IFF8', ip: '192.168.0.106', os.name: 'Windows 10', os.arch: 'amd64', os.version: '10.0', java.version: '15.0.2'
Driver info: driver.version: ChromeDriver
remote stacktrace: Backtrace:
Ordinal0 [0x00AC2A33+2501171]
Ordinal0 [0x00A5D1C1+2085313]
Ordinal0 [0x00961FA8+1056680]
Ordinal0 [0x0098020A+1180170]
Ordinal0 [0x0097C125+1163557]
Ordinal0 [0x0097997F+1153407]
Ordinal0 [0x009A999F+1350047]
Ordinal0 [0x009A960A+1349130]
Ordinal0 [0x009A551B+1332507]
Ordinal0 [0x00981D74+1187188]
Ordinal0 [0x00982BD9+1190873]
GetHandleVerifier [0x00C3EFE6+1504438]
GetHandleVerifier [0x00CEDDA5+2220661]
GetHandleVerifier [0x00B45589+481881]
GetHandleVerifier [0x00B44639+477961]
Ordinal0 [0x00A628BD+2107581]
Ordinal0 [0x00A66728+2123560]
Ordinal0 [0x00A66862+2123874]
Ordinal0 [0x00A6FA81+2161281]
BaseThreadInitThunk [0x74F38744+36]
RtlGetAppContainerNamedObjectPath [0x77C5582D+253]
RtlGetAppContainerNamedObjectPath [0x77C557FD+205]

at org.openqa.selenium.remote.W3CHandshakeResponse.lambda$new$0(W3CHandshakeResponse.java:57)
at org.openqa.selenium.remote.W3CHandshakeResponse.lambda$getResponseFunction$2(W3CHandshakeResponse.java:104)
at org.openqa.selenium.remote.ProtocolHandshake.lambda$createSession$0(ProtocolHandshake.java:123)
at java.base/java.util.stream.ReferencePipeline$3$1.accept(ReferencePipeline.java:195)
at java.base/java.util.Spliterators$ArraySpliterator.tryAdvance(Spliterators.java:958)
at java.base/java.util.stream.ReferencePipeline.forEachWithCancel(ReferencePipeline.java:127)
at java.base/java.util.stream.AbstractPipeline.copyIntoWithCancel(AbstractPipeline.java:502)
at java.base/java.util.stream.AbstractPipeline.copyInto(AbstractPipeline.java:488)
at java.base/java.util.stream.AbstractPipeline.wrapAndCopyInto(AbstractPipeline.java:474)
at java.base/java.util.stream.FindOps$FindOp.evaluateSequential(FindOps.java:150)
at java.base/java.util.stream.AbstractPipeline.evaluate(AbstractPipeline.java:234)
at java.base/java.util.stream.ReferencePipeline.findFirst(ReferencePipeline.java:543)
at org.openqa.selenium.remote.ProtocolHandshake.createSession(ProtocolHandshake.java:126)
at org.openqa.selenium.remote.ProtocolHandshake.createSession(ProtocolHandshake.java:73)
at org.openqa.selenium.remote.HttpCommandExecutor.execute(HttpCommandExecutor.java:136)
at org.openqa.selenium.remote.service.DriverCommandExecutor.execute(DriverCommandExecutor.java:83)
at org.openqa.selenium.remote.RemoteWebDriver.execute(RemoteWebDriver.java:545)
at org.openqa.selenium.remote.RemoteWebDriver.startSession(RemoteWebDriver.java:209)
at org.openqa.selenium.remote.RemoteWebDriver.<init>(RemoteWebDriver.java:132)
at org.openqa.selenium.chrome.ChromeDriver.<init>(ChromeDriver.java:181)
at org.openqa.selenium.chrome.ChromeDriver.<init>(ChromeDriver.java:168)
at org.openqa.selenium.chrome.ChromeDriver.<init>(ChromeDriver.java:123)
at com.conga.base.TestBase.intialize(TestBase.java:33)
at com.test.Scenario1.setup(Scenario1.java:23)
at java.base/java.util.ArrayList.forEach(ArrayList.java:1511)
... Removed 36 stack frames]]>
    </failure>
  </testcase> <!-- @BeforeMethod setup -->
  <testcase classname="com.test.Scenario1" name="@AfterMethod tearDown" time="-1.63560210614E9">
    <skipped/>
  </testcase> <!-- @AfterMethod tearDown -->
  <testcase classname="com.test.Scenario1" name="testShoppingCart" time="0.0">
    <skipped/>
  </testcase> <!-- testShoppingCart -->
  <testcase classname="com.test.Scenario3" name="invalidKeyPostStation_401" time="2.194"/>
  <testcase classname="com.test.Scenario3" name="validatePostStation_201" time="1.219"/>
  <testcase classname="com.test.Scenario3" name="validateGetStation" time="1.041"/>
  <testcase classname="com.test.Scenario3" name="validateDeleteStation_204" time="1.121"/>
  <testcase classname="com.test.Scenario3" name="validateDeleteStation_404" time="1.39"/>
</testsuite> <!-- Conga -->
